This file contains any messages produced by compilers while
running configure, to aid debugging if configure makes a mistake.

It was created by Linked List Library configure 0.2, which was
generated by GNU Autoconf 2.72.  Invocation command line was

  $ ./configure

## --------- ##
## Platform. ##
## --------- ##

hostname = archlinux
uname -m = x86_64
uname -r = 6.14.6-arch1-1
uname -s = Linux
uname -v = #1 SMP PREEMPT_DYNAMIC Fri, 09 May 2025 17:36:18 +0000

/usr/bin/uname -p = unknown
/bin/uname -X     = unknown

/bin/arch              = unknown
/usr/bin/arch -k       = unknown
/usr/convex/getsysinfo = unknown
/usr/bin/hostinfo      = unknown
/bin/machine           = unknown
/usr/bin/oslevel       = unknown
/bin/universe          = unknown

PATH: /usr/local/bin/
PATH: /usr/bin/
PATH: /bin/
PATH: /usr/local/sbin/
PATH: /usr/lib/jvm/default/bin/
PATH: /usr/bin/site_perl/
PATH: /usr/bin/vendor_perl/
PATH: /usr/bin/core_perl/
PATH: /var/lib/snapd/snap/bin/
PATH: /home/blue/.local/bin/


## ----------- ##
## Core tests. ##
## ----------- ##

configure:2388: looking for aux files: config.guess config.sub ltmain.sh compile missing install-sh
configure:2401:  trying ./build-aux/
configure:2430:   ./build-aux/config.guess found
configure:2430:   ./build-aux/config.sub found
configure:2430:   ./build-aux/ltmain.sh found
configure:2430:   ./build-aux/compile found
configure:2430:   ./build-aux/missing found
configure:2412:   ./build-aux/install-sh found
configure:2561: checking for a BSD-compatible install
configure:2635: result: /usr/bin/install -c
configure:2646: checking whether sleep supports fractional seconds
configure:2662: result: yes
configure:2665: checking filesystem timestamp resolution
configure:2800: result: 0.01
configure:2805: checking whether build environment is sane
configure:2846: result: yes
configure:3017: checking for a race-free mkdir -p
configure:3060: result: /usr/bin/mkdir -p
configure:3067: checking for gawk
configure:3088: found /usr/bin/gawk
configure:3100: result: gawk
configure:3111: checking whether make sets $(MAKE)
configure:3135: result: yes
configure:3161: checking whether make supports nested variables
configure:3180: result: yes
configure:3194: checking xargs -n works
configure:3210: result: yes
configure:3324: checking whether make supports the include directive
configure:3339: make -f confmf.GNU && cat confinc.out
this is the am__doit target
configure:3342: $? = 0
configure:3361: result: yes (GNU style)
configure:3438: checking for gcc
configure:3459: found /usr/bin/gcc
configure:3471: result: gcc
configure:3830: checking for C compiler version
configure:3839: gcc --version >&5
gcc (GCC) 15.1.1 20250425
Copyright (C) 2025 Free Software Foundation, Inc.
This is free software; see the source for copying conditions.  There is NO
warranty; not even for MERCHANTABILITY or FITNESS FOR A PARTICULAR PURPOSE.

configure:3850: $? = 0
configure:3839: gcc -v >&5
Using built-in specs.
COLLECT_GCC=gcc
COLLECT_LTO_WRAPPER=/usr/lib/gcc/x86_64-pc-linux-gnu/15.1.1/lto-wrapper
Target: x86_64-pc-linux-gnu
Configured with: /build/gcc/src/gcc/configure --enable-languages=ada,c,c++,d,fortran,go,lto,m2,objc,obj-c++,rust,cobol --enable-bootstrap --prefix=/usr --libdir=/usr/lib --libexecdir=/usr/lib --mandir=/usr/share/man --infodir=/usr/share/info --with-bugurl=https://gitlab.archlinux.org/archlinux/packaging/packages/gcc/-/issues --with-build-config=bootstrap-lto --with-linker-hash-style=gnu --with-system-zlib --enable-__cxa_atexit --enable-cet=auto --enable-checking=release --enable-clocale=gnu --enable-default-pie --enable-default-ssp --enable-gnu-indirect-function --enable-gnu-unique-object --enable-libstdcxx-backtrace --enable-link-serialization=1 --enable-linker-build-id --enable-lto --enable-multilib --enable-plugin --enable-shared --enable-threads=posix --disable-libssp --disable-libstdcxx-pch --disable-werror
Thread model: posix
Supported LTO compression algorithms: zlib zstd
gcc version 15.1.1 20250425 (GCC) 
configure:3850: $? = 0
configure:3839: gcc -V >&5
gcc: error: unrecognized command-line option '-V'
gcc: fatal error: no input files
compilation terminated.
configure:3850: $? = 1
configure:3839: gcc -qversion >&5
gcc: error: unrecognized command-line option '-qversion'; did you mean '--version'?
gcc: fatal error: no input files
compilation terminated.
configure:3850: $? = 1
configure:3839: gcc -version >&5
gcc: error: unrecognized command-line option '-version'
gcc: fatal error: no input files
compilation terminated.
configure:3850: $? = 1
configure:3870: checking whether the C compiler works
configure:3892: gcc    conftest.c  >&5
configure:3896: $? = 0
configure:3947: result: yes
configure:3951: checking for C compiler default output file name
configure:3953: result: a.out
configure:3959: checking for suffix of executables
configure:3966: gcc -o conftest    conftest.c  >&5
configure:3970: $? = 0
configure:3994: result: 
configure:4018: checking whether we are cross compiling
configure:4026: gcc -o conftest    conftest.c  >&5
configure:4030: $? = 0
configure:4037: ./conftest
configure:4041: $? = 0
configure:4056: result: no
configure:4062: checking for suffix of object files
configure:4085: gcc -c   conftest.c >&5
configure:4089: $? = 0
configure:4113: result: o
configure:4117: checking whether the compiler supports GNU C
configure:4137: gcc -c   conftest.c >&5
configure:4137: $? = 0
configure:4149: result: yes
configure:4160: checking whether gcc accepts -g
configure:4181: gcc -c -g  conftest.c >&5
configure:4181: $? = 0
configure:4228: result: yes
configure:4248: checking for gcc option to enable C11 features
configure:4263: gcc  -c -g -O2  conftest.c >&5
configure:4263: $? = 0
configure:4282: result: none needed
configure:4406: checking whether gcc understands -c and -o together
configure:4429: gcc -c conftest.c -o conftest2.o
configure:4432: $? = 0
configure:4429: gcc -c conftest.c -o conftest2.o
configure:4432: $? = 0
configure:4445: result: yes
configure:4464: checking dependency style of gcc
configure:4577: result: gcc3
configure:4597: checking for stdio.h
configure:4597: gcc -c -g -O2  conftest.c >&5
configure:4597: $? = 0
configure:4597: result: yes
configure:4597: checking for stdlib.h
configure:4597: gcc -c -g -O2  conftest.c >&5
configure:4597: $? = 0
configure:4597: result: yes
configure:4597: checking for string.h
configure:4597: gcc -c -g -O2  conftest.c >&5
configure:4597: $? = 0
configure:4597: result: yes
configure:4597: checking for inttypes.h
configure:4597: gcc -c -g -O2  conftest.c >&5
configure:4597: $? = 0
configure:4597: result: yes
configure:4597: checking for stdint.h
configure:4597: gcc -c -g -O2  conftest.c >&5
configure:4597: $? = 0
configure:4597: result: yes
configure:4597: checking for strings.h
configure:4597: gcc -c -g -O2  conftest.c >&5
configure:4597: $? = 0
configure:4597: result: yes
configure:4597: checking for sys/stat.h
configure:4597: gcc -c -g -O2  conftest.c >&5
configure:4597: $? = 0
configure:4597: result: yes
configure:4597: checking for sys/types.h
configure:4597: gcc -c -g -O2  conftest.c >&5
configure:4597: $? = 0
configure:4597: result: yes
configure:4597: checking for unistd.h
configure:4597: gcc -c -g -O2  conftest.c >&5
configure:4597: $? = 0
configure:4597: result: yes
configure:4597: checking for wchar.h
configure:4597: gcc -c -g -O2  conftest.c >&5
configure:4597: $? = 0
configure:4597: result: yes
configure:4597: checking for minix/config.h
configure:4597: gcc -c -g -O2  conftest.c >&5
conftest.c:49:10: fatal error: minix/config.h: No such file or directory
   49 | #include <minix/config.h>
      |          ^~~~~~~~~~~~~~~~
compilation terminated.
configure:4597: $? = 1
configure: failed program was:
| /* confdefs.h */
| #define PACKAGE_NAME "Linked List Library"
| #define PACKAGE_TARNAME "liblist"
| #define PACKAGE_VERSION "0.2"
| #define PACKAGE_STRING "Linked List Library 0.2"
| #define PACKAGE_BUGREPORT "martin.drab@fjfi.cvut.cz"
| #define PACKAGE_URL ""
| #define PACKAGE "liblist"
| #define VERSION "0.2"
| #define HAVE_STDIO_H 1
| #define HAVE_STDLIB_H 1
| #define HAVE_STRING_H 1
| #define HAVE_INTTYPES_H 1
| #define HAVE_STDINT_H 1
| #define HAVE_STRINGS_H 1
| #define HAVE_SYS_STAT_H 1
| #define HAVE_SYS_TYPES_H 1
| #define HAVE_UNISTD_H 1
| #define HAVE_WCHAR_H 1
| /* end confdefs.h.  */
| #include <stddef.h>
| #ifdef HAVE_STDIO_H
| # include <stdio.h>
| #endif
| #ifdef HAVE_STDLIB_H
| # include <stdlib.h>
| #endif
| #ifdef HAVE_STRING_H
| # include <string.h>
| #endif
| #ifdef HAVE_INTTYPES_H
| # include <inttypes.h>
| #endif
| #ifdef HAVE_STDINT_H
| # include <stdint.h>
| #endif
| #ifdef HAVE_STRINGS_H
| # include <strings.h>
| #endif
| #ifdef HAVE_SYS_TYPES_H
| # include <sys/types.h>
| #endif
| #ifdef HAVE_SYS_STAT_H
| # include <sys/stat.h>
| #endif
| #ifdef HAVE_UNISTD_H
| # include <unistd.h>
| #endif
| #include <minix/config.h>
configure:4597: result: no
configure:4628: checking whether it is safe to define __EXTENSIONS__
configure:4647: gcc -c -g -O2  conftest.c >&5
configure:4647: $? = 0
configure:4657: result: yes
configure:4660: checking whether _XOPEN_SOURCE should be defined
configure:4682: gcc -c -g -O2  conftest.c >&5
configure:4682: $? = 0
configure:4711: result: no
configure:4777: checking for gcc option to enable large file support
configure:4812: gcc -c -g -O2  conftest.c >&5
configure:4812: $? = 0
configure:4818: gcc -DFTYPE=ino_t -c -g -O2  conftest.c >&5
configure:4818: $? = 0
configure:4843: result: none needed
configure:4985: checking build system type
configure:5001: result: x86_64-pc-linux-gnu
configure:5021: checking host system type
configure:5036: result: x86_64-pc-linux-gnu
configure:5077: checking how to print strings
configure:5104: result: printf
configure:5125: checking for a sed that does not truncate output
configure:5197: result: /usr/bin/sed
configure:5215: checking for grep that handles long lines and -e
configure:5281: result: /usr/bin/grep
configure:5286: checking for egrep
configure:5356: result: /usr/bin/grep -E
configure:5363: checking for fgrep
configure:5433: result: /usr/bin/grep -F
configure:5470: checking for ld used by gcc
configure:5539: result: /usr/bin/ld
configure:5546: checking if the linker (/usr/bin/ld) is GNU ld
configure:5563: result: yes
configure:5575: checking for BSD- or MS-compatible name lister (nm)
configure:5631: result: /usr/bin/nm -B
configure:5773: checking the name lister (/usr/bin/nm -B) interface
configure:5781: gcc -c -g -O2  conftest.c >&5
configure:5784: /usr/bin/nm -B "conftest.o"
configure:5787: output
0000000000000000 B some_variable
configure:5795: result: BSD nm
configure:5798: checking whether ln -s works
configure:5802: result: yes
configure:5810: checking the maximum length of command line arguments
configure:5943: result: 1572864
configure:5991: checking how to convert x86_64-pc-linux-gnu file names to x86_64-pc-linux-gnu format
configure:6033: result: func_convert_file_noop
configure:6040: checking how to convert x86_64-pc-linux-gnu file names to toolchain format
configure:6062: result: func_convert_file_noop
configure:6069: checking for /usr/bin/ld option to reload object files
configure:6078: result: -r
configure:6111: checking for file
configure:6132: found /usr/bin/file
configure:6145: result: file
configure:6208: checking for objdump
configure:6229: found /usr/bin/objdump
configure:6241: result: objdump
configure:6270: checking how to recognize dependent libraries
configure:6479: result: pass_all
configure:6570: checking for dlltool
configure:6606: result: no
configure:6633: checking how to associate runtime and link libraries
configure:6662: result: printf %s\n
configure:6722: checking for ranlib
configure:6743: found /usr/bin/ranlib
configure:6755: result: ranlib
configure:6832: checking for ar
configure:6853: found /usr/bin/ar
configure:6865: result: ar
configure:6918: checking for archiver @FILE support
configure:6936: gcc -c -g -O2  conftest.c >&5
configure:6936: $? = 0
configure:6940: ar cr libconftest.a @conftest.lst >&5
configure:6943: $? = 0
configure:6948: ar cr libconftest.a @conftest.lst >&5
ar: conftest.o: No such file or directory
configure:6951: $? = 1
configure:6964: result: @
configure:7028: checking for strip
configure:7049: found /usr/bin/strip
configure:7061: result: strip
configure:7164: checking command to parse /usr/bin/nm -B output from gcc object
configure:7318: gcc -c -g -O2  conftest.c >&5
configure:7321: $? = 0
configure:7325: /usr/bin/nm -B conftest.o | /usr/bin/sed -n -e 's/^.*[	 ]\([ABCDGIRSTW][ABCDGIRSTW]*\)[	 ][	 ]*\([_A-Za-z][_A-Za-z0-9]*\)$/\1 \2 \2/p' | /usr/bin/sed '/ __gnu_lto/d' > conftest.nm
configure:7391: gcc -o conftest -g -O2   conftest.c conftstm.o >&5
configure:7394: $? = 0
configure:7433: result: ok
configure:7480: checking for sysroot
configure:7514: result: no
configure:7521: checking for a working dd
configure:7566: result: /usr/bin/dd
configure:7570: checking how to truncate binary pipes
configure:7587: result: /usr/bin/dd bs=4096 count=1
configure:7724: gcc -c -g -O2  conftest.c >&5
configure:7727: $? = 0
configure:7927: checking for mt
configure:7963: result: no
configure:7983: checking if : is a manifest tool
configure:7990: : '-?'
configure:7999: result: no
configure:8792: checking for dlfcn.h
configure:8792: gcc -c -g -O2  conftest.c >&5
configure:8792: $? = 0
configure:8792: result: yes
configure:9412: checking which variant of shared library versioning to provide
configure:9415: result: (default) aix
configure:9483: checking for objdir
configure:9500: result: .libs
configure:9762: checking if gcc supports -fno-rtti -fno-exceptions
configure:9781: gcc -c -g -O2  -fno-rtti -fno-exceptions conftest.c >&5
cc1: warning: command-line option '-fno-rtti' is valid for C++/D/ObjC++ but not for C
configure:9785: $? = 0
configure:9799: result: no
configure:10172: checking for gcc option to produce PIC
configure:10181: result: -fPIC -DPIC
configure:10189: checking if gcc PIC flag -fPIC -DPIC works
configure:10208: gcc -c -g -O2  -fPIC -DPIC -DPIC conftest.c >&5
configure:10212: $? = 0
configure:10226: result: yes
configure:10255: checking if gcc static flag -static works
configure:10285: result: yes
configure:10300: checking if gcc supports -c -o file.o
configure:10322: gcc -c -g -O2  -o out/conftest2.o conftest.c >&5
configure:10326: $? = 0
configure:10349: result: yes
configure:10357: checking if gcc supports -c -o file.o
configure:10406: result: yes
configure:10439: checking whether the gcc linker (/usr/bin/ld -m elf_x86_64) supports shared libraries
configure:11723: result: yes
configure:11760: checking whether -lc should be explicitly linked in
configure:11769: gcc -c -g -O2  conftest.c >&5
configure:11772: $? = 0
configure:11787: gcc -shared  -fPIC -DPIC conftest.o  -v -Wl,-soname -Wl,conftest -o conftest 2\>\&1 \| /usr/bin/grep  -lc  \>/dev/null 2\>\&1
configure:11790: $? = 0
configure:11805: result: no
configure:11965: checking dynamic linker characteristics
configure:12584: gcc -o conftest -g -O2   -Wl,-rpath -Wl,/foo conftest.c  >&5
configure:12584: $? = 0
configure:13353: result: GNU/Linux ld.so
configure:13475: checking how to hardcode library paths into programs
configure:13500: result: immediate
configure:14100: checking whether stripping libraries is possible
configure:14109: result: yes
configure:14151: checking if libtool supports shared libraries
configure:14153: result: yes
configure:14156: checking whether to build shared libraries
configure:14181: result: yes
configure:14184: checking whether to build static libraries
configure:14188: result: yes
configure:14285: checking for gcc
configure:14318: result: gcc
configure:14677: checking for C compiler version
configure:14686: gcc --version >&5
gcc (GCC) 15.1.1 20250425
Copyright (C) 2025 Free Software Foundation, Inc.
This is free software; see the source for copying conditions.  There is NO
warranty; not even for MERCHANTABILITY or FITNESS FOR A PARTICULAR PURPOSE.

configure:14697: $? = 0
configure:14686: gcc -v >&5
Using built-in specs.
COLLECT_GCC=gcc
COLLECT_LTO_WRAPPER=/usr/lib/gcc/x86_64-pc-linux-gnu/15.1.1/lto-wrapper
Target: x86_64-pc-linux-gnu
Configured with: /build/gcc/src/gcc/configure --enable-languages=ada,c,c++,d,fortran,go,lto,m2,objc,obj-c++,rust,cobol --enable-bootstrap --prefix=/usr --libdir=/usr/lib --libexecdir=/usr/lib --mandir=/usr/share/man --infodir=/usr/share/info --with-bugurl=https://gitlab.archlinux.org/archlinux/packaging/packages/gcc/-/issues --with-build-config=bootstrap-lto --with-linker-hash-style=gnu --with-system-zlib --enable-__cxa_atexit --enable-cet=auto --enable-checking=release --enable-clocale=gnu --enable-default-pie --enable-default-ssp --enable-gnu-indirect-function --enable-gnu-unique-object --enable-libstdcxx-backtrace --enable-link-serialization=1 --enable-linker-build-id --enable-lto --enable-multilib --enable-plugin --enable-shared --enable-threads=posix --disable-libssp --disable-libstdcxx-pch --disable-werror
Thread model: posix
Supported LTO compression algorithms: zlib zstd
gcc version 15.1.1 20250425 (GCC) 
configure:14697: $? = 0
configure:14686: gcc -V >&5
gcc: error: unrecognized command-line option '-V'
gcc: fatal error: no input files
compilation terminated.
configure:14697: $? = 1
configure:14686: gcc -qversion >&5
gcc: error: unrecognized command-line option '-qversion'; did you mean '--version'?
gcc: fatal error: no input files
compilation terminated.
configure:14697: $? = 1
configure:14686: gcc -version >&5
gcc: error: unrecognized command-line option '-version'
gcc: fatal error: no input files
compilation terminated.
configure:14697: $? = 1
configure:14701: checking whether the compiler supports GNU C
configure:14733: result: yes
configure:14744: checking whether gcc accepts -g
configure:14812: result: yes
configure:14832: checking for gcc option to enable C11 features
configure:14866: result: none needed
configure:14990: checking whether gcc understands -c and -o together
configure:15029: result: yes
configure:15048: checking dependency style of gcc
configure:15161: result: gcc3
configure:15181: checking for stdint.h
configure:15181: result: yes
configure:15200: checking for compiler __atomic functions
configure:15220: gcc -o conftest -g -O2   conftest.c  >&5
configure:15220: $? = 0
configure:15232: result: yes
configure:15344: checking that generated files are newer than configure
configure:15350: result: done
configure:15395: creating ./config.status

## ---------------------- ##
## Running config.status. ##
## ---------------------- ##

This file was extended by Linked List Library config.status 0.2, which was
generated by GNU Autoconf 2.72.  Invocation command line was

  CONFIG_FILES    = 
  CONFIG_HEADERS  = 
  CONFIG_LINKS    = 
  CONFIG_COMMANDS = 
  $ ./config.status 

on archlinux

config.status:1114: creating Makefile
config.status:1114: creating include/Makefile
config.status:1114: creating src/Makefile
config.status:1114: creating tests/Makefile
config.status:1114: creating config.h
config.status:1343: executing depfiles commands
config.status:1420: cd src       && sed -e '/# am--include-marker/d' Makefile         | make -f - am--depfiles
config.status:1425: $? = 0
config.status:1420: cd tests       && sed -e '/# am--include-marker/d' Makefile         | make -f - am--depfiles
config.status:1425: $? = 0
config.status:1343: executing libtool commands

## ---------------- ##
## Cache variables. ##
## ---------------- ##

ac_cv_build=x86_64-pc-linux-gnu
ac_cv_c_compiler_gnu=yes
ac_cv_cc_atomic=yes
ac_cv_env_CC_set=
ac_cv_env_CC_value=
ac_cv_env_CFLAGS_set=
ac_cv_env_CFLAGS_value=
ac_cv_env_CPPFLAGS_set=
ac_cv_env_CPPFLAGS_value=
ac_cv_env_LDFLAGS_set=
ac_cv_env_LDFLAGS_value=
ac_cv_env_LIBS_set=
ac_cv_env_LIBS_value=
ac_cv_env_LT_SYS_LIBRARY_PATH_set=
ac_cv_env_LT_SYS_LIBRARY_PATH_value=
ac_cv_env_build_alias_set=
ac_cv_env_build_alias_value=
ac_cv_env_host_alias_set=
ac_cv_env_host_alias_value=
ac_cv_env_target_alias_set=
ac_cv_env_target_alias_value=
ac_cv_header_dlfcn_h=yes
ac_cv_header_inttypes_h=yes
ac_cv_header_minix_config_h=no
ac_cv_header_stdint_h=yes
ac_cv_header_stdio_h=yes
ac_cv_header_stdlib_h=yes
ac_cv_header_string_h=yes
ac_cv_header_strings_h=yes
ac_cv_header_sys_stat_h=yes
ac_cv_header_sys_types_h=yes
ac_cv_header_unistd_h=yes
ac_cv_header_wchar_h=yes
ac_cv_host=x86_64-pc-linux-gnu
ac_cv_objext=o
ac_cv_path_EGREP='/usr/bin/grep -E'
ac_cv_path_EGREP_TRADITIONAL='/usr/bin/grep -E'
ac_cv_path_FGREP='/usr/bin/grep -F'
ac_cv_path_GREP=/usr/bin/grep
ac_cv_path_SED=/usr/bin/sed
ac_cv_path_install='/usr/bin/install -c'
ac_cv_path_lt_DD=/usr/bin/dd
ac_cv_path_mkdir=/usr/bin/mkdir
ac_cv_prog_AWK=gawk
ac_cv_prog_FILECMD=file
ac_cv_prog_ac_ct_AR=ar
ac_cv_prog_ac_ct_CC=gcc
ac_cv_prog_ac_ct_OBJDUMP=objdump
ac_cv_prog_ac_ct_RANLIB=ranlib
ac_cv_prog_ac_ct_STRIP=strip
ac_cv_prog_cc_c11=
ac_cv_prog_cc_g=yes
ac_cv_prog_cc_stdc=
ac_cv_prog_make_make_set=yes
ac_cv_safe_to_define___extensions__=yes
ac_cv_should_define__xopen_source=no
ac_cv_sys_largefile_opts='none needed'
am_cv_CC_dependencies_compiler_type=gcc3
am_cv_filesystem_timestamp_resolution=0.01
am_cv_make_support_nested_variables=yes
am_cv_prog_cc_c_o=yes
am_cv_sleep_fractional_seconds=yes
am_cv_xargs_n_works=yes
lt_cv_ar_at_file=@
lt_cv_archive_cmds_need_lc=no
lt_cv_deplibs_check_method=pass_all
lt_cv_file_magic_cmd='$MAGIC_CMD'
lt_cv_file_magic_test_file=
lt_cv_ld_reload_flag=-r
lt_cv_nm_interface='BSD nm'
lt_cv_objdir=.libs
lt_cv_path_LD=/usr/bin/ld
lt_cv_path_NM='/usr/bin/nm -B'
lt_cv_path_manifest_tool=no
lt_cv_prog_compiler_c_o=yes
lt_cv_prog_compiler_pic='-fPIC -DPIC'
lt_cv_prog_compiler_pic_works=yes
lt_cv_prog_compiler_rtti_exceptions=no
lt_cv_prog_compiler_static_works=yes
lt_cv_prog_gnu_ld=yes
lt_cv_sharedlib_from_linklib_cmd='printf %s\n'
lt_cv_shlibpath_overrides_runpath=yes
lt_cv_sys_global_symbol_pipe='/usr/bin/sed -n -e '\''s/^.*[	 ]\([ABCDGIRSTW][ABCDGIRSTW]*\)[	 ][	 ]*\([_A-Za-z][_A-Za-z0-9]*\)$/\1 \2 \2/p'\'' | /usr/bin/sed '\''/ __gnu_lto/d'\'''
lt_cv_sys_global_symbol_to_c_name_address='/usr/bin/sed -n -e '\''s/^: \(.*\) .*$/  {"\1", (void *) 0},/p'\'' -e '\''s/^[ABCDGIRSTW][ABCDGIRSTW]* .* \(.*\)$/  {"\1", (void *) \&\1},/p'\'''
lt_cv_sys_global_symbol_to_c_name_address_lib_prefix='/usr/bin/sed -n -e '\''s/^: \(.*\) .*$/  {"\1", (void *) 0},/p'\'' -e '\''s/^[ABCDGIRSTW][ABCDGIRSTW]* .* \(lib.*\)$/  {"\1", (void *) \&\1},/p'\'' -e '\''s/^[ABCDGIRSTW][ABCDGIRSTW]* .* \(.*\)$/  {"lib\1", (void *) \&\1},/p'\'''
lt_cv_sys_global_symbol_to_cdecl='/usr/bin/sed -n -e '\''s/^T .* \(.*\)$/extern int \1();/p'\'' -e '\''s/^[ABCDGIRSTW][ABCDGIRSTW]* .* \(.*\)$/extern char \1;/p'\'''
lt_cv_sys_global_symbol_to_import=
lt_cv_sys_max_cmd_len=1572864
lt_cv_to_host_file_cmd=func_convert_file_noop
lt_cv_to_tool_file_cmd=func_convert_file_noop
lt_cv_truncate_bin='/usr/bin/dd bs=4096 count=1'

## ----------------- ##
## Output variables. ##
## ----------------- ##

ACLOCAL='${SHELL} '\''/home/blue/Prog/Learning/C/build/autotools/build-aux/missing'\'' aclocal-1.17'
AMDEPBACKSLASH='\'
AMDEP_FALSE='#'
AMDEP_TRUE=''
AMTAR='$${TAR-tar}'
AM_BACKSLASH='\'
AM_DEFAULT_V='$(AM_DEFAULT_VERBOSITY)'
AM_DEFAULT_VERBOSITY='1'
AM_V='$(V)'
AR='ar'
AS='as'
AUTOCONF='${SHELL} '\''/home/blue/Prog/Learning/C/build/autotools/build-aux/missing'\'' autoconf'
AUTOHEADER='${SHELL} '\''/home/blue/Prog/Learning/C/build/autotools/build-aux/missing'\'' autoheader'
AUTOMAKE='${SHELL} '\''/home/blue/Prog/Learning/C/build/autotools/build-aux/missing'\'' automake-1.17'
AWK='gawk'
CC='gcc'
CCDEPMODE='depmode=gcc3'
CFLAGS='-g -O2'
CPPFLAGS=''
CSCOPE='cscope'
CTAGS='ctags'
CYGPATH_W='echo'
DEFS='-DHAVE_CONFIG_H'
DEPDIR='.deps'
DLLTOOL='false'
DSYMUTIL=''
DUMPBIN=''
ECHO_C=''
ECHO_N='-n'
ECHO_T=''
EGREP='/usr/bin/grep -E'
ETAGS='etags'
EXEEXT=''
FGREP='/usr/bin/grep -F'
FILECMD='file'
GREP='/usr/bin/grep'
INSTALL_DATA='${INSTALL} -m 644'
INSTALL_PROGRAM='${INSTALL}'
INSTALL_SCRIPT='${INSTALL}'
INSTALL_STRIP_PROGRAM='$(install_sh) -c -s'
LD='/usr/bin/ld -m elf_x86_64'
LDFLAGS=''
LIBOBJS=''
LIBS=''
LIBTOOL='$(SHELL) $(top_builddir)/libtool'
LIPO=''
LN_S='ln -s'
LTLIBOBJS=''
LT_SYS_LIBRARY_PATH=''
MAKEINFO='${SHELL} '\''/home/blue/Prog/Learning/C/build/autotools/build-aux/missing'\'' makeinfo'
MANIFEST_TOOL=':'
MKDIR_P='/usr/bin/mkdir -p'
NM='/usr/bin/nm -B'
NMEDIT=''
OBJDUMP='objdump'
OBJEXT='o'
OTOOL64=''
OTOOL=''
PACKAGE='liblist'
PACKAGE_BUGREPORT='martin.drab@fjfi.cvut.cz'
PACKAGE_NAME='Linked List Library'
PACKAGE_STRING='Linked List Library 0.2'
PACKAGE_TARNAME='liblist'
PACKAGE_URL=''
PACKAGE_VERSION='0.2'
PATH_SEPARATOR=':'
RANLIB='ranlib'
SED='/usr/bin/sed'
SET_MAKE=''
SHELL='/bin/sh'
STRIP='strip'
VERSION='0.2'
ac_ct_AR='ar'
ac_ct_CC='gcc'
ac_ct_DUMPBIN=''
am__EXEEXT_FALSE=''
am__EXEEXT_TRUE='#'
am__fastdepCC_FALSE='#'
am__fastdepCC_TRUE=''
am__include='include'
am__isrc=''
am__leading_dot='.'
am__nodep='_no'
am__quote=''
am__rm_f_notfound=''
am__tar='$${TAR-tar} chof - "$$tardir"'
am__untar='$${TAR-tar} xf -'
am__xargs_n='xargs -n'
bindir='${exec_prefix}/bin'
build='x86_64-pc-linux-gnu'
build_alias=''
build_cpu='x86_64'
build_os='linux-gnu'
build_vendor='pc'
datadir='${datarootdir}'
datarootdir='${prefix}/share'
docdir='${datarootdir}/doc/${PACKAGE_TARNAME}'
dvidir='${docdir}'
exec_prefix='${prefix}'
host='x86_64-pc-linux-gnu'
host_alias=''
host_cpu='x86_64'
host_os='linux-gnu'
host_vendor='pc'
htmldir='${docdir}'
includedir='${prefix}/include'
infodir='${datarootdir}/info'
install_sh='${SHELL} /home/blue/Prog/Learning/C/build/autotools/build-aux/install-sh'
libdir='${exec_prefix}/lib'
libexecdir='${exec_prefix}/libexec'
localedir='${datarootdir}/locale'
localstatedir='${prefix}/var'
mandir='${datarootdir}/man'
mkdir_p='$(MKDIR_P)'
oldincludedir='/usr/include'
pdfdir='${docdir}'
prefix='/usr/local'
program_transform_name='s,x,x,'
psdir='${docdir}'
runstatedir='${localstatedir}/run'
sbindir='${exec_prefix}/sbin'
sharedstatedir='${prefix}/com'
sysconfdir='${prefix}/etc'
target_alias=''

## ----------- ##
## confdefs.h. ##
## ----------- ##

/* confdefs.h */
#define PACKAGE_NAME "Linked List Library"
#define PACKAGE_TARNAME "liblist"
#define PACKAGE_VERSION "0.2"
#define PACKAGE_STRING "Linked List Library 0.2"
#define PACKAGE_BUGREPORT "martin.drab@fjfi.cvut.cz"
#define PACKAGE_URL ""
#define PACKAGE "liblist"
#define VERSION "0.2"
#define HAVE_STDIO_H 1
#define HAVE_STDLIB_H 1
#define HAVE_STRING_H 1
#define HAVE_INTTYPES_H 1
#define HAVE_STDINT_H 1
#define HAVE_STRINGS_H 1
#define HAVE_SYS_STAT_H 1
#define HAVE_SYS_TYPES_H 1
#define HAVE_UNISTD_H 1
#define HAVE_WCHAR_H 1
#define STDC_HEADERS 1
#define _ALL_SOURCE 1
#define _DARWIN_C_SOURCE 1
#define _GNU_SOURCE 1
#define _HPUX_ALT_XOPEN_SOCKET_API 1
#define _NETBSD_SOURCE 1
#define _OPENBSD_SOURCE 1
#define _POSIX_PTHREAD_SEMANTICS 1
#define __STDC_WANT_IEC_60559_ATTRIBS_EXT__ 1
#define __STDC_WANT_IEC_60559_BFP_EXT__ 1
#define __STDC_WANT_IEC_60559_DFP_EXT__ 1
#define __STDC_WANT_IEC_60559_EXT__ 1
#define __STDC_WANT_IEC_60559_FUNCS_EXT__ 1
#define __STDC_WANT_IEC_60559_TYPES_EXT__ 1
#define __STDC_WANT_LIB_EXT2__ 1
#define __STDC_WANT_MATH_SPEC_FUNCS__ 1
#define _TANDEM_SOURCE 1
#define __EXTENSIONS__ 1
#define HAVE_DLFCN_H 1
#define LT_OBJDIR ".libs/"
#define HAVE_STDINT_H 1
#define HAVE_ATOMIC_GNUC 1

configure: exit 0
